{"C:\\Users\\Hussain\\Desktop\\asteroidapp\\App.tsx": {"path":"C:\\Users\\Hussain\\Desktop\\asteroidapp\\App.tsx","statementMap":{"0":{"start":{"line":9,"column":14},"end":{"line":9,"column":42}},"1":{"start":{"line":12,"column":2},"end":{"line":32,"column":4}}},"fnMap":{"0":{"name":"App","decl":{"start":{"line":11,"column":9},"end":{"line":11,"column":12}},"loc":{"start":{"line":11,"column":15},"end":{"line":33,"column":1}},"line":11}},"branchMap":{},"s":{"0":1,"1":1},"f":{"0":1},"b":{},"_coverageSchema":"1a1c01bbd47fc00a2c39e90264f33305004495a9","hash":"a33a4cdfe506b17669a91efdc084d0b1e0a13f45"}
,"C:\\Users\\Hussain\\Desktop\\asteroidapp\\api\\api.tsx": {"path":"C:\\Users\\Hussain\\Desktop\\asteroidapp\\api\\api.tsx","statementMap":{"0":{"start":{"line":2,"column":23},"end":{"line":2,"column":65}},"1":{"start":{"line":4,"column":26},"end":{"line":8,"column":1}},"2":{"start":{"line":5,"column":2},"end":{"line":7,"column":4}},"3":{"start":{"line":10,"column":23},"end":{"line":14,"column":1}},"4":{"start":{"line":11,"column":2},"end":{"line":13,"column":4}}},"fnMap":{"0":{"name":"(anonymous_0)","decl":{"start":{"line":4,"column":26},"end":{"line":4,"column":27}},"loc":{"start":{"line":4,"column":42},"end":{"line":8,"column":1}},"line":4},"1":{"name":"(anonymous_1)","decl":{"start":{"line":10,"column":23},"end":{"line":10,"column":24}},"loc":{"start":{"line":10,"column":29},"end":{"line":14,"column":1}},"line":10}},"branchMap":{},"s":{"0":2,"1":2,"2":1,"3":2,"4":0},"f":{"0":1,"1":0},"b":{},"_coverageSchema":"1a1c01bbd47fc00a2c39e90264f33305004495a9","hash":"9c6e0ebb762d9a6d6a303651fc3133e751e1d111"}
,"C:\\Users\\Hussain\\Desktop\\asteroidapp\\assets\\ast.png": {"path":"C:\\Users\\Hussain\\Desktop\\asteroidapp\\assets\\ast.png","statementMap":{"0":{"start":{"line":1,"column":0},"end":{"line":4,"column":6}}},"fnMap":{},"branchMap":{},"s":{"0":1},"f":{},"b":{},"_coverageSchema":"1a1c01bbd47fc00a2c39e90264f33305004495a9","hash":"f4b6a64adcee7365c99b4fd06d9b9400303a2105"}
,"C:\\Users\\Hussain\\Desktop\\asteroidapp\\assets\\ast3.png": {"path":"C:\\Users\\Hussain\\Desktop\\asteroidapp\\assets\\ast3.png","statementMap":{"0":{"start":{"line":1,"column":0},"end":{"line":4,"column":6}}},"fnMap":{},"branchMap":{},"s":{"0":2},"f":{},"b":{},"_coverageSchema":"1a1c01bbd47fc00a2c39e90264f33305004495a9","hash":"ad793b79fef3adf9249857fe714e1d3dc63dad28"}
,"C:\\Users\\Hussain\\Desktop\\asteroidapp\\components\\AsteroidImage.tsx": {"path":"C:\\Users\\Hussain\\Desktop\\asteroidapp\\components\\AsteroidImage.tsx","statementMap":{"0":{"start":{"line":5,"column":2},"end":{"line":9,"column":3}},"1":{"start":{"line":14,"column":15},"end":{"line":21,"column":4}}},"fnMap":{"0":{"name":"AsteroidImage","decl":{"start":{"line":4,"column":9},"end":{"line":4,"column":22}},"loc":{"start":{"line":4,"column":25},"end":{"line":10,"column":1}},"line":4}},"branchMap":{},"s":{"0":1,"1":2},"f":{"0":1},"b":{},"_coverageSchema":"1a1c01bbd47fc00a2c39e90264f33305004495a9","hash":"7141e1c836fac3692fbfdbb7b92293eae6893857"}
,"C:\\Users\\Hussain\\Desktop\\asteroidapp\\components\\Loader.tsx": {"path":"C:\\Users\\Hussain\\Desktop\\asteroidapp\\components\\Loader.tsx","statementMap":{"0":{"start":{"line":5,"column":15},"end":{"line":12,"column":1}},"1":{"start":{"line":6,"column":2},"end":{"line":11,"column":4}},"2":{"start":{"line":16,"column":15},"end":{"line":24,"column":2}}},"fnMap":{"0":{"name":"(anonymous_0)","decl":{"start":{"line":5,"column":15},"end":{"line":5,"column":16}},"loc":{"start":{"line":5,"column":21},"end":{"line":12,"column":1}},"line":5}},"branchMap":{},"s":{"0":3,"1":2,"2":3},"f":{"0":2},"b":{},"_coverageSchema":"1a1c01bbd47fc00a2c39e90264f33305004495a9","hash":"b93c4d0bb9ff1ae130fde573e4f9d8a1bcf9283d"}
,"C:\\Users\\Hussain\\Desktop\\asteroidapp\\components\\LogoImage.tsx": {"path":"C:\\Users\\Hussain\\Desktop\\asteroidapp\\components\\LogoImage.tsx","statementMap":{"0":{"start":{"line":5,"column":2},"end":{"line":9,"column":4}},"1":{"start":{"line":14,"column":15},"end":{"line":21,"column":2}}},"fnMap":{"0":{"name":"LogoImage","decl":{"start":{"line":4,"column":9},"end":{"line":4,"column":18}},"loc":{"start":{"line":4,"column":21},"end":{"line":10,"column":1}},"line":4}},"branchMap":{},"s":{"0":9,"1":2},"f":{"0":9},"b":{},"_coverageSchema":"1a1c01bbd47fc00a2c39e90264f33305004495a9","hash":"3511659eaa20489d04ffd36a4681256c51bc66d5"}
,"C:\\Users\\Hussain\\Desktop\\asteroidapp\\constants\\Colors.tsx": {"path":"C:\\Users\\Hussain\\Desktop\\asteroidapp\\constants\\Colors.tsx","statementMap":{"0":{"start":{"line":1,"column":22},"end":{"line":12,"column":3}}},"fnMap":{},"branchMap":{},"s":{"0":4},"f":{},"b":{},"_coverageSchema":"1a1c01bbd47fc00a2c39e90264f33305004495a9","hash":"57ce9e03fb813b0ec5f2bb20a0ac74e02cc18d75"}
,"C:\\Users\\Hussain\\Desktop\\asteroidapp\\screens\\AsteroidDetails.tsx": {"path":"C:\\Users\\Hussain\\Desktop\\asteroidapp\\screens\\AsteroidDetails.tsx","statementMap":{"0":{"start":{"line":22,"column":15},"end":{"line":22,"column":52}},"1":{"start":{"line":24,"column":2},"end":{"line":36,"column":19}},"2":{"start":{"line":25,"column":4},"end":{"line":35,"column":7}},"3":{"start":{"line":28,"column":8},"end":{"line":33,"column":10}},"4":{"start":{"line":32,"column":25},"end":{"line":32,"column":52}},"5":{"start":{"line":37,"column":2},"end":{"line":50,"column":4}},"6":{"start":{"line":55,"column":15},"end":{"line":74,"column":2}}},"fnMap":{"0":{"name":"AsteroidDetails","decl":{"start":{"line":21,"column":9},"end":{"line":21,"column":24}},"loc":{"start":{"line":21,"column":62},"end":{"line":51,"column":1}},"line":21},"1":{"name":"(anonymous_1)","decl":{"start":{"line":24,"column":18},"end":{"line":24,"column":19}},"loc":{"start":{"line":24,"column":24},"end":{"line":36,"column":3}},"line":24},"2":{"name":"(anonymous_2)","decl":{"start":{"line":27,"column":19},"end":{"line":27,"column":20}},"loc":{"start":{"line":28,"column":8},"end":{"line":33,"column":10}},"line":28},"3":{"name":"(anonymous_3)","decl":{"start":{"line":32,"column":19},"end":{"line":32,"column":20}},"loc":{"start":{"line":32,"column":25},"end":{"line":32,"column":52}},"line":32}},"branchMap":{},"s":{"0":1,"1":1,"2":1,"3":0,"4":0,"5":1,"6":2},"f":{"0":1,"1":1,"2":0,"3":0},"b":{},"_coverageSchema":"1a1c01bbd47fc00a2c39e90264f33305004495a9","hash":"e8ef56d266b7f6378672df8b95e6f6c850989bff"}
,"C:\\Users\\Hussain\\Desktop\\asteroidapp\\screens\\HomeScreen.tsx": {"path":"C:\\Users\\Hussain\\Desktop\\asteroidapp\\screens\\HomeScreen.tsx","statementMap":{"0":{"start":{"line":11,"column":20},"end":{"line":11,"column":34}},"1":{"start":{"line":13,"column":38},"end":{"line":13,"column":50}},"2":{"start":{"line":14,"column":32},"end":{"line":14,"column":47}},"3":{"start":{"line":17,"column":4},"end":{"line":17,"column":31}},"4":{"start":{"line":20,"column":2},"end":{"line":23,"column":30}},"5":{"start":{"line":21,"column":4},"end":{"line":21,"column":22}},"6":{"start":{"line":22,"column":4},"end":{"line":22,"column":22}},"7":{"start":{"line":26,"column":4},"end":{"line":26,"column":21}},"8":{"start":{"line":28,"column":4},"end":{"line":34,"column":5}},"9":{"start":{"line":29,"column":6},"end":{"line":32,"column":8}},"10":{"start":{"line":33,"column":6},"end":{"line":33,"column":18}},"11":{"start":{"line":35,"column":4},"end":{"line":35,"column":32}},"12":{"start":{"line":39,"column":4},"end":{"line":46,"column":5}},"13":{"start":{"line":40,"column":21},"end":{"line":40,"column":49}},"14":{"start":{"line":41,"column":6},"end":{"line":41,"column":63}},"15":{"start":{"line":43,"column":6},"end":{"line":43,"column":25}},"16":{"start":{"line":44,"column":6},"end":{"line":44,"column":77}},"17":{"start":{"line":45,"column":6},"end":{"line":45,"column":24}},"18":{"start":{"line":50,"column":4},"end":{"line":50,"column":21}},"19":{"start":{"line":53,"column":6},"end":{"line":63,"column":7}},"20":{"start":{"line":55,"column":23},"end":{"line":55,"column":38}},"21":{"start":{"line":56,"column":18},"end":{"line":56,"column":80}},"22":{"start":{"line":56,"column":72},"end":{"line":56,"column":79}},"23":{"start":{"line":57,"column":8},"end":{"line":57,"column":60}},"24":{"start":{"line":59,"column":8},"end":{"line":59,"column":30}},"25":{"start":{"line":61,"column":8},"end":{"line":61,"column":25}},"26":{"start":{"line":62,"column":8},"end":{"line":62,"column":26}},"27":{"start":{"line":65,"column":4},"end":{"line":65,"column":22}},"28":{"start":{"line":69,"column":4},"end":{"line":69,"column":22}},"29":{"start":{"line":72,"column":2},"end":{"line":74,"column":3}},"30":{"start":{"line":73,"column":4},"end":{"line":73,"column":22}},"31":{"start":{"line":76,"column":2},"end":{"line":99,"column":4}},"32":{"start":{"line":104,"column":15},"end":{"line":140,"column":2}}},"fnMap":{"0":{"name":"HomeScreen","decl":{"start":{"line":10,"column":9},"end":{"line":10,"column":19}},"loc":{"start":{"line":10,"column":39},"end":{"line":100,"column":1}},"line":10},"1":{"name":"handleInputChange","decl":{"start":{"line":16,"column":11},"end":{"line":16,"column":28}},"loc":{"start":{"line":16,"column":43},"end":{"line":18,"column":3}},"line":16},"2":{"name":"(anonymous_2)","decl":{"start":{"line":20,"column":12},"end":{"line":20,"column":13}},"loc":{"start":{"line":20,"column":18},"end":{"line":23,"column":3}},"line":20},"3":{"name":"handleSearch","decl":{"start":{"line":25,"column":11},"end":{"line":25,"column":23}},"loc":{"start":{"line":25,"column":26},"end":{"line":36,"column":3}},"line":25},"4":{"name":"getAsteroidData","decl":{"start":{"line":38,"column":17},"end":{"line":38,"column":32}},"loc":{"start":{"line":38,"column":53},"end":{"line":47,"column":3}},"line":38},"5":{"name":"handleRandom","decl":{"start":{"line":49,"column":11},"end":{"line":49,"column":23}},"loc":{"start":{"line":49,"column":26},"end":{"line":66,"column":3}},"line":49},"6":{"name":"getAsteroidList","decl":{"start":{"line":52,"column":19},"end":{"line":52,"column":34}},"loc":{"start":{"line":52,"column":37},"end":{"line":64,"column":5}},"line":52},"7":{"name":"(anonymous_7)","decl":{"start":{"line":56,"column":48},"end":{"line":56,"column":49}},"loc":{"start":{"line":56,"column":72},"end":{"line":56,"column":79}},"line":56},"8":{"name":"handleReset","decl":{"start":{"line":68,"column":11},"end":{"line":68,"column":22}},"loc":{"start":{"line":68,"column":25},"end":{"line":70,"column":3}},"line":68}},"branchMap":{"0":{"loc":{"start":{"line":28,"column":4},"end":{"line":34,"column":5}},"type":"if","locations":[{"start":{"line":28,"column":4},"end":{"line":34,"column":5}},{"start":{},"end":{}}],"line":28},"1":{"loc":{"start":{"line":72,"column":2},"end":{"line":74,"column":3}},"type":"if","locations":[{"start":{"line":72,"column":2},"end":{"line":74,"column":3}},{"start":{},"end":{}}],"line":72}},"s":{"0":10,"1":10,"2":10,"3":3,"4":10,"5":5,"6":5,"7":1,"8":1,"9":0,"10":0,"11":1,"12":1,"13":1,"14":0,"15":0,"16":0,"17":0,"18":0,"19":0,"20":0,"21":0,"22":0,"23":0,"24":0,"25":0,"26":0,"27":0,"28":1,"29":10,"30":1,"31":9,"32":2},"f":{"0":10,"1":3,"2":5,"3":1,"4":1,"5":0,"6":0,"7":0,"8":1},"b":{"0":[0,1],"1":[1,9]},"_coverageSchema":"1a1c01bbd47fc00a2c39e90264f33305004495a9","hash":"89071e0db6635d87bb94d0f8ca4b4792b32d4a55"}
}
