TN:
SF:App.tsx
FN:11,App
FNF:1
FNH:1
FNDA:1,App
DA:9,1
DA:12,1
LF:2
LH:2
BRF:0
BRH:0
end_of_record
TN:
SF:api\api.tsx
FN:4,(anonymous_0)
FN:10,(anonymous_1)
FNF:2
FNH:1
FNDA:1,(anonymous_0)
FNDA:0,(anonymous_1)
DA:2,2
DA:4,2
DA:5,1
DA:10,2
DA:11,0
LF:5
LH:4
BRF:0
BRH:0
end_of_record
TN:
SF:assets\ast.png
FNF:0
FNH:0
DA:1,1
LF:1
LH:1
BRF:0
BRH:0
end_of_record
TN:
SF:assets\ast3.png
FNF:0
FNH:0
DA:1,2
LF:1
LH:1
BRF:0
BRH:0
end_of_record
TN:
SF:components\AsteroidImage.tsx
FN:4,AsteroidImage
FNF:1
FNH:1
FNDA:1,AsteroidImage
DA:5,1
DA:14,2
LF:2
LH:2
BRF:0
BRH:0
end_of_record
TN:
SF:components\Loader.tsx
FN:5,(anonymous_0)
FNF:1
FNH:1
FNDA:2,(anonymous_0)
DA:5,3
DA:6,2
DA:16,3
LF:3
LH:3
BRF:0
BRH:0
end_of_record
TN:
SF:components\LogoImage.tsx
FN:4,LogoImage
FNF:1
FNH:1
FNDA:9,LogoImage
DA:5,9
DA:14,2
LF:2
LH:2
BRF:0
BRH:0
end_of_record
TN:
SF:constants\Colors.tsx
FNF:0
FNH:0
DA:1,4
LF:1
LH:1
BRF:0
BRH:0
end_of_record
TN:
SF:screens\AsteroidDetails.tsx
FN:21,AsteroidDetails
FN:24,(anonymous_1)
FN:27,(anonymous_2)
FN:32,(anonymous_3)
FNF:4
FNH:2
FNDA:1,AsteroidDetails
FNDA:1,(anonymous_1)
FNDA:0,(anonymous_2)
FNDA:0,(anonymous_3)
DA:22,1
DA:24,1
DA:25,1
DA:28,0
DA:32,0
DA:37,1
DA:55,2
LF:7
LH:5
BRF:0
BRH:0
end_of_record
TN:
SF:screens\HomeScreen.tsx
FN:10,HomeScreen
FN:16,handleInputChange
FN:20,(anonymous_2)
FN:25,handleSearch
FN:38,getAsteroidData
FN:49,handleRandom
FN:52,getAsteroidList
FN:56,(anonymous_7)
FN:68,handleReset
FNF:9
FNH:6
FNDA:10,HomeScreen
FNDA:3,handleInputChange
FNDA:5,(anonymous_2)
FNDA:1,handleSearch
FNDA:1,getAsteroidData
FNDA:0,handleRandom
FNDA:0,getAsteroidList
FNDA:0,(anonymous_7)
FNDA:1,handleReset
DA:11,10
DA:13,10
DA:14,10
DA:17,3
DA:20,10
DA:21,5
DA:22,5
DA:26,1
DA:28,1
DA:29,0
DA:33,0
DA:35,1
DA:39,1
DA:40,1
DA:41,0
DA:43,0
DA:44,0
DA:45,0
DA:50,0
DA:53,0
DA:55,0
DA:56,0
DA:57,0
DA:59,0
DA:61,0
DA:62,0
DA:65,0
DA:69,1
DA:72,10
DA:73,1
DA:76,9
DA:104,2
LF:32
LH:17
BRDA:28,0,0,0
BRDA:28,0,1,1
BRDA:72,1,0,1
BRDA:72,1,1,9
BRF:4
BRH:3
end_of_record
